<?xml version="1.0" encoding="UTF-8"?>
<testng-results skipped="0" failed="0" ignored="0" total="1" passed="1">
  <reporter-output>
  </reporter-output>
  <suite name="Default suite" duration-ms="30" started-at="2017-05-30T18:40:15Z" finished-at="2017-05-30T18:40:15Z">
    <groups>
    </groups>
    <test name="Default test" duration-ms="30" started-at="2017-05-30T18:40:15Z" finished-at="2017-05-30T18:40:15Z">
      <class name="core.AppTest">
        <test-method status="PASS" signature="test()[pri:0, instance:core.AppTest@7ca48474]" name="test" duration-ms="10" started-at="2017-05-30T11:40:15Z" finished-at="2017-05-30T11:40:15Z">
          <reporter-output>
          </reporter-output>
        </test-method> <!-- test -->
      </class> <!-- core.AppTest -->
    </test> <!-- Default test -->
  </suite> <!-- Default suite -->
</testng-results>
